[debug] [2018-08-14T01:50:49.868Z] ----------------------------------------------------------------------
[debug] [2018-08-14T01:50:49.874Z] Command:       /usr/bin/nodejs /usr/bin/firebase deploy
[debug] [2018-08-14T01:50:49.875Z] CLI Version:   3.12.0
[debug] [2018-08-14T01:50:49.875Z] Platform:      linux
[debug] [2018-08-14T01:50:49.875Z] Node Version:  v6.11.2
[debug] [2018-08-14T01:50:49.875Z] Time:          Mon Aug 13 2018 20:50:49 GMT-0500 (CDT)
[debug] [2018-08-14T01:50:49.875Z] ----------------------------------------------------------------------
[debug] 
[debug] [2018-08-14T01:50:49.899Z] > command requires scopes: ["email","openid","https://www.googleapis.com/auth/cloudplatformprojects.readonly","https://www.googleapis.com/auth/firebase","https://www.googleapis.com/auth/cloud-platform"]
[debug] [2018-08-14T01:50:49.899Z] > authorizing via signed-in user
[debug] [2018-08-14T01:50:49.905Z] >>> HTTP REQUEST GET https://admin.firebase.com/v1/projects/landing-blog-1ab90  
 Mon Aug 13 2018 20:50:49 GMT-0500 (CDT)
[debug] [2018-08-14T01:51:07.328Z] <<< HTTP RESPONSE 200
[debug] [2018-08-14T01:51:07.331Z] >>> HTTP REQUEST GET https://admin.firebase.com/v1/database/landing-blog-1ab90/tokens  
 Mon Aug 13 2018 20:51:07 GMT-0500 (CDT)
[debug] [2018-08-14T01:51:08.362Z] <<< HTTP RESPONSE 200
[info] 
[info] === Deploying to 'landing-blog-1ab90'...
[info] 
[info] i  deploying hosting
[info] i  hosting: preparing _site directory for upload...
[debug] [2018-08-14T01:51:22.279Z] >>> HTTP REQUEST PUT https://deploy.firebase.com/v1/hosting/landing-blog-1ab90/uploads/-LJq7K_3FglRQ4CTzzFJ?fileCount=208&message=  
 Mon Aug 13 2018 20:51:22 GMT-0500 (CDT)
[debug] [2018-08-14T01:51:52.324Z] Error: getaddrinfo EAI_AGAIN deploy.firebase.com:443
    at Object.exports._errnoException (util.js:1020:11)
    at errnoException (dns.js:33:15)
    at GetAddrInfoReqWrap.onlookup [as oncomplete] (dns.js:76:26)
[error] 
[error] Error: Server Error. getaddrinfo EAI_AGAIN deploy.firebase.com:443
